<?xml version="1.0" encoding="UTF-8"?>
<!-- Generated by org.testng.reporters.JUnitXMLReporter -->
<testsuite ignored="0" hostname="DESKTOP-8SEM39N" failures="0" tests="2" name="Test" time="0.116" errors="0" timestamp="2022-12-30T13:31:15 IST">
  <testcase classname="Maven.maven.LoginScriptTest" name="@BeforeTest CallingDriver" time="0.02">
    <failure type="java.lang.NullPointerException">
      <![CDATA[java.lang.NullPointerException
at resources.baseTest2.InitializeDrivers(baseTest2.java:56)
at Maven.maven.LoginScriptTest.CallingDriver(LoginScriptTest.java:29)
... Removed 28 stack frames]]>
    </failure>
  </testcase> <!-- @BeforeTest CallingDriver -->
  <testcase classname="Maven.maven.RegisterStudentScriptTest" name="@BeforeTest alldrivers" time="0.0">
    <skipped/>
  </testcase> <!-- @BeforeTest alldrivers -->
  <testcase classname="Maven.maven.LoginScriptTest" name="@AfterTest tear" time="0.0">
    <skipped/>
  </testcase> <!-- @AfterTest tear -->
  <testcase classname="Maven.maven.RegisterStudentScriptTest" name="@AfterTest tear" time="0.0">
    <skipped/>
  </testcase> <!-- @AfterTest tear -->
  <testcase classname="Maven.maven.LoginScriptTest" name="Login" time="0.0">
    <skipped/>
  </testcase> <!-- Login -->
  <testcase classname="Maven.maven.RegisterStudentScriptTest" name="StudentRegistration" time="0.001">
    <skipped/>
  </testcase> <!-- StudentRegistration -->
</testsuite> <!-- Test -->
